<?xml version="1.0" encoding="UTF-8"?>
<testsuite xmlns:xsi="http://www.w3.org/2001/XMLSchema-instance" xsi:noNamespaceSchemaLocation="https://maven.apache.org/surefire/maven-surefire-plugin/xsd/surefire-test-report-3.0.xsd" version="3.0" name="linuxtips.LambdaHandlerTest" time="5.083" tests="1" errors="0" skipped="0" failures="0">
  <properties>
    <property name="awt.toolkit" value="sun.awt.X11.XToolkit"/>
    <property name="java.specification.version" value="11"/>
    <property name="sun.cpu.isalist" value=""/>
    <property name="sun.jnu.encoding" value="UTF-8"/>
    <property name="test.url" value="http://localhost:8081"/>
    <property name="java.class.path" value="/workspace/descomplicando-chatbots/simple_bot_fn/target/test-classes:/workspace/descomplicando-chatbots/simple_bot_fn/target/classes:/workspace/m2-repository/io/quarkus/quarkus-amazon-lambda/2.16.3.Final/quarkus-amazon-lambda-2.16.3.Final.jar:/workspace/m2-repository/io/quarkus/quarkus-amazon-lambda-common/2.16.3.Final/quarkus-amazon-lambda-common-2.16.3.Final.jar:/workspace/m2-repository/com/amazonaws/aws-lambda-java-core/1.2.2/aws-lambda-java-core-1.2.2.jar:/workspace/m2-repository/com/amazonaws/aws-lambda-java-events/3.11.0/aws-lambda-java-events-3.11.0.jar:/workspace/m2-repository/io/quarkus/quarkus-arc/2.16.3.Final/quarkus-arc-2.16.3.Final.jar:/workspace/m2-repository/io/quarkus/arc/arc/2.16.3.Final/arc-2.16.3.Final.jar:/workspace/m2-repository/jakarta/transaction/jakarta.transaction-api/1.3.3/jakarta.transaction-api-1.3.3.jar:/workspace/m2-repository/io/smallrye/reactive/mutiny/1.9.0/mutiny-1.9.0.jar:/workspace/m2-repository/org/reactivestreams/reactive-streams/1.0.3/reactive-streams-1.0.3.jar:/workspace/m2-repository/org/eclipse/microprofile/context-propagation/microprofile-context-propagation-api/1.2/microprofile-context-propagation-api-1.2.jar:/workspace/m2-repository/io/quarkus/quarkus-jackson/2.16.3.Final/quarkus-jackson-2.16.3.Final.jar:/workspace/m2-repository/com/fasterxml/jackson/core/jackson-databind/2.14.2/jackson-databind-2.14.2.jar:/workspace/m2-repository/com/fasterxml/jackson/datatype/jackson-datatype-jsr310/2.14.2/jackson-datatype-jsr310-2.14.2.jar:/workspace/m2-repository/com/fasterxml/jackson/datatype/jackson-datatype-jdk8/2.14.2/jackson-datatype-jdk8-2.14.2.jar:/workspace/m2-repository/com/fasterxml/jackson/module/jackson-module-parameter-names/2.14.2/jackson-module-parameter-names-2.14.2.jar:/workspace/m2-repository/com/fasterxml/jackson/datatype/jackson-datatype-joda/2.14.2/jackson-datatype-joda-2.14.2.jar:/workspace/m2-repository/com/fasterxml/jackson/core/jackson-annotations/2.14.2/jackson-annotations-2.14.2.jar:/workspace/m2-repository/com/fasterxml/jackson/core/jackson-core/2.14.2/jackson-core-2.14.2.jar:/workspace/m2-repository/joda-time/joda-time/2.10.8/joda-time-2.10.8.jar:/workspace/m2-repository/io/rest-assured/rest-assured/4.5.1/rest-assured-4.5.1.jar:/workspace/m2-repository/org/codehaus/groovy/groovy/3.0.9/groovy-3.0.9.jar:/workspace/m2-repository/org/codehaus/groovy/groovy-xml/3.0.9/groovy-xml-3.0.9.jar:/workspace/m2-repository/org/apache/httpcomponents/httpclient/4.5.14/httpclient-4.5.14.jar:/workspace/m2-repository/org/apache/httpcomponents/httpcore/4.4.16/httpcore-4.4.16.jar:/workspace/m2-repository/commons-codec/commons-codec/1.15/commons-codec-1.15.jar:/workspace/m2-repository/org/apache/httpcomponents/httpmime/4.5.14/httpmime-4.5.14.jar:/workspace/m2-repository/org/hamcrest/hamcrest/2.1/hamcrest-2.1.jar:/workspace/m2-repository/org/ccil/cowan/tagsoup/tagsoup/1.2.1/tagsoup-1.2.1.jar:/workspace/m2-repository/io/rest-assured/json-path/4.5.1/json-path-4.5.1.jar:/workspace/m2-repository/org/codehaus/groovy/groovy-json/3.0.9/groovy-json-3.0.9.jar:/workspace/m2-repository/io/rest-assured/rest-assured-common/4.5.1/rest-assured-common-4.5.1.jar:/workspace/m2-repository/io/rest-assured/xml-path/4.5.1/xml-path-4.5.1.jar:/workspace/m2-repository/org/apache/commons/commons-lang3/3.12.0/commons-lang3-3.12.0.jar:/workspace/m2-repository/io/quarkus/quarkus-junit5/2.16.3.Final/quarkus-junit5-2.16.3.Final.jar:/workspace/m2-repository/io/quarkus/quarkus-bootstrap-core/2.16.3.Final/quarkus-bootstrap-core-2.16.3.Final.jar:/workspace/m2-repository/io/quarkus/quarkus-bootstrap-app-model/2.16.3.Final/quarkus-bootstrap-app-model-2.16.3.Final.jar:/workspace/m2-repository/io/smallrye/common/smallrye-common-io/1.13.2/smallrye-common-io-1.13.2.jar:/workspace/m2-repository/org/eclipse/sisu/org.eclipse.sisu.inject/0.3.5/org.eclipse.sisu.inject-0.3.5.jar:/workspace/m2-repository/io/quarkus/quarkus-test-common/2.16.3.Final/quarkus-test-common-2.16.3.Final.jar:/workspace/m2-repository/io/quarkus/quarkus-core-deployment/2.16.3.Final/quarkus-core-deployment-2.16.3.Final.jar:/workspace/m2-repository/org/aesh/readline/2.2/readline-2.2.jar:/workspace/m2-repository/org/fusesource/jansi/jansi/1.18/jansi-1.18.jar:/workspace/m2-repository/org/aesh/aesh/2.7/aesh-2.7.jar:/workspace/m2-repository/io/quarkus/gizmo/gizmo/1.6.0.Final/gizmo-1.6.0.Final.jar:/workspace/m2-repository/org/ow2/asm/asm-util/9.4/asm-util-9.4.jar:/workspace/m2-repository/org/ow2/asm/asm-analysis/9.4/asm-analysis-9.4.jar:/workspace/m2-repository/org/ow2/asm/asm/9.4/asm-9.4.jar:/workspace/m2-repository/org/ow2/asm/asm-commons/9.4/asm-commons-9.4.jar:/workspace/m2-repository/org/ow2/asm/asm-tree/9.4/asm-tree-9.4.jar:/workspace/m2-repository/io/quarkus/quarkus-class-change-agent/2.16.3.Final/quarkus-class-change-agent-2.16.3.Final.jar:/workspace/m2-repository/io/quarkus/quarkus-devtools-utilities/2.16.3.Final/quarkus-devtools-utilities-2.16.3.Final.jar:/workspace/m2-repository/io/quarkus/quarkus-builder/2.16.3.Final/quarkus-builder-2.16.3.Final.jar:/workspace/m2-repository/org/junit/platform/junit-platform-launcher/1.9.2/junit-platform-launcher-1.9.2.jar:/workspace/m2-repository/io/quarkus/quarkus-bootstrap-maven-resolver/2.16.3.Final/quarkus-bootstrap-maven-resolver-2.16.3.Final.jar:/workspace/m2-repository/org/apache/maven/maven-embedder/3.8.6/maven-embedder-3.8.6.jar:/workspace/m2-repository/org/apache/maven/maven-settings/3.8.6/maven-settings-3.8.6.jar:/workspace/m2-repository/org/apache/maven/maven-core/3.8.6/maven-core-3.8.6.jar:/workspace/m2-repository/org/apache/maven/maven-artifact/3.8.6/maven-artifact-3.8.6.jar:/workspace/m2-repository/org/codehaus/plexus/plexus-component-annotations/2.1.0/plexus-component-annotations-2.1.0.jar:/workspace/m2-repository/org/apache/maven/maven-plugin-api/3.8.6/maven-plugin-api-3.8.6.jar:/workspace/m2-repository/org/apache/maven/maven-model/3.8.6/maven-model-3.8.6.jar:/workspace/m2-repository/org/apache/maven/maven-model-builder/3.8.6/maven-model-builder-3.8.6.jar:/workspace/m2-repository/org/apache/maven/maven-builder-support/3.8.6/maven-builder-support-3.8.6.jar:/workspace/m2-repository/org/apache/maven/resolver/maven-resolver-api/1.6.3/maven-resolver-api-1.6.3.jar:/workspace/m2-repository/org/apache/maven/resolver/maven-resolver-util/1.6.3/maven-resolver-util-1.6.3.jar:/workspace/m2-repository/org/apache/maven/shared/maven-shared-utils/3.3.4/maven-shared-utils-3.3.4.jar:/workspace/m2-repository/commons-io/commons-io/2.11.0/commons-io-2.11.0.jar:/workspace/m2-repository/com/google/inject/guice/4.2.2/guice-4.2.2-no_aop.jar:/workspace/m2-repository/com/google/guava/guava/31.1-jre/guava-31.1-jre.jar:/workspace/m2-repository/com/google/guava/failureaccess/1.0.1/failureaccess-1.0.1.jar:/workspace/m2-repository/org/codehaus/plexus/plexus-classworlds/2.6.0/plexus-classworlds-2.6.0.jar:/workspace/m2-repository/org/codehaus/plexus/plexus-sec-dispatcher/2.0/plexus-sec-dispatcher-2.0.jar:/workspace/m2-repository/org/codehaus/plexus/plexus-cipher/2.0/plexus-cipher-2.0.jar:/workspace/m2-repository/commons-cli/commons-cli/1.4/commons-cli-1.4.jar:/workspace/m2-repository/org/eclipse/sisu/org.eclipse.sisu.plexus/0.3.5/org.eclipse.sisu.plexus-0.3.5.jar:/workspace/m2-repository/org/apache/maven/maven-settings-builder/3.8.6/maven-settings-builder-3.8.6.jar:/workspace/m2-repository/org/codehaus/plexus/plexus-interpolation/1.26/plexus-interpolation-1.26.jar:/workspace/m2-repository/org/apache/maven/maven-resolver-provider/3.8.6/maven-resolver-provider-3.8.6.jar:/workspace/m2-repository/org/apache/maven/maven-repository-metadata/3.8.6/maven-repository-metadata-3.8.6.jar:/workspace/m2-repository/org/apache/maven/resolver/maven-resolver-spi/1.6.3/maven-resolver-spi-1.6.3.jar:/workspace/m2-repository/org/apache/maven/resolver/maven-resolver-impl/1.6.3/maven-resolver-impl-1.6.3.jar:/workspace/m2-repository/org/codehaus/plexus/plexus-utils/3.3.0/plexus-utils-3.3.0.jar:/workspace/m2-repository/org/apache/maven/resolver/maven-resolver-connector-basic/1.6.3/maven-resolver-connector-basic-1.6.3.jar:/workspace/m2-repository/org/apache/maven/resolver/maven-resolver-transport-wagon/1.6.3/maven-resolver-transport-wagon-1.6.3.jar:/workspace/m2-repository/org/apache/maven/wagon/wagon-http/3.5.1/wagon-http-3.5.1.jar:/workspace/m2-repository/org/apache/maven/wagon/wagon-http-shared/3.5.1/wagon-http-shared-3.5.1.jar:/workspace/m2-repository/org/apache/maven/wagon/wagon-provider-api/3.5.1/wagon-provider-api-3.5.1.jar:/workspace/m2-repository/org/apache/maven/wagon/wagon-file/3.5.1/wagon-file-3.5.1.jar:/workspace/m2-repository/io/quarkus/quarkus-bootstrap-gradle-resolver/2.16.3.Final/quarkus-bootstrap-gradle-resolver-2.16.3.Final.jar:/workspace/m2-repository/io/smallrye/jandex/3.0.5/jandex-3.0.5.jar:/workspace/m2-repository/org/jboss/logging/commons-logging-jboss-logging/1.0.0.Final/commons-logging-jboss-logging-1.0.0.Final.jar:/workspace/m2-repository/io/quarkus/quarkus-junit5-properties/2.16.3.Final/quarkus-junit5-properties-2.16.3.Final.jar:/workspace/m2-repository/org/junit/jupiter/junit-jupiter/5.9.2/junit-jupiter-5.9.2.jar:/workspace/m2-repository/org/junit/jupiter/junit-jupiter-api/5.9.2/junit-jupiter-api-5.9.2.jar:/workspace/m2-repository/org/opentest4j/opentest4j/1.2.0/opentest4j-1.2.0.jar:/workspace/m2-repository/org/junit/platform/junit-platform-commons/1.9.2/junit-platform-commons-1.9.2.jar:/workspace/m2-repository/org/apiguardian/apiguardian-api/1.1.2/apiguardian-api-1.1.2.jar:/workspace/m2-repository/org/junit/jupiter/junit-jupiter-params/5.9.2/junit-jupiter-params-5.9.2.jar:/workspace/m2-repository/org/junit/jupiter/junit-jupiter-engine/5.9.2/junit-jupiter-engine-5.9.2.jar:/workspace/m2-repository/org/junit/platform/junit-platform-engine/1.9.2/junit-platform-engine-1.9.2.jar:/workspace/m2-repository/io/quarkus/quarkus-core/2.16.3.Final/quarkus-core-2.16.3.Final.jar:/workspace/m2-repository/jakarta/annotation/jakarta.annotation-api/1.3.5/jakarta.annotation-api-1.3.5.jar:/workspace/m2-repository/jakarta/enterprise/jakarta.enterprise.cdi-api/2.0.2/jakarta.enterprise.cdi-api-2.0.2.jar:/workspace/m2-repository/jakarta/el/jakarta.el-api/3.0.3/jakarta.el-api-3.0.3.jar:/workspace/m2-repository/jakarta/interceptor/jakarta.interceptor-api/1.2.5/jakarta.interceptor-api-1.2.5.jar:/workspace/m2-repository/jakarta/inject/jakarta.inject-api/1.0/jakarta.inject-api-1.0.jar:/workspace/m2-repository/io/quarkus/quarkus-ide-launcher/2.16.3.Final/quarkus-ide-launcher-2.16.3.Final.jar:/workspace/m2-repository/io/quarkus/quarkus-development-mode-spi/2.16.3.Final/quarkus-development-mode-spi-2.16.3.Final.jar:/workspace/m2-repository/io/smallrye/config/smallrye-config/2.13.2/smallrye-config-2.13.2.jar:/workspace/m2-repository/io/smallrye/config/smallrye-config-core/2.13.2/smallrye-config-core-2.13.2.jar:/workspace/m2-repository/org/eclipse/microprofile/config/microprofile-config-api/2.0.1/microprofile-config-api-2.0.1.jar:/workspace/m2-repository/io/smallrye/common/smallrye-common-annotation/1.13.2/smallrye-common-annotation-1.13.2.jar:/workspace/m2-repository/io/smallrye/common/smallrye-common-expression/1.13.2/smallrye-common-expression-1.13.2.jar:/workspace/m2-repository/io/smallrye/common/smallrye-common-function/1.13.2/smallrye-common-function-1.13.2.jar:/workspace/m2-repository/io/smallrye/common/smallrye-common-constraint/1.13.2/smallrye-common-constraint-1.13.2.jar:/workspace/m2-repository/io/smallrye/common/smallrye-common-classloader/1.13.2/smallrye-common-classloader-1.13.2.jar:/workspace/m2-repository/io/smallrye/config/smallrye-config-common/2.13.2/smallrye-config-common-2.13.2.jar:/workspace/m2-repository/org/jboss/logging/jboss-logging/3.5.0.Final/jboss-logging-3.5.0.Final.jar:/workspace/m2-repository/org/jboss/logmanager/jboss-logmanager-embedded/1.0.11/jboss-logmanager-embedded-1.0.11.jar:/workspace/m2-repository/org/jboss/logging/jboss-logging-annotations/2.2.1.Final/jboss-logging-annotations-2.2.1.Final.jar:/workspace/m2-repository/org/jboss/threads/jboss-threads/3.4.3.Final/jboss-threads-3.4.3.Final.jar:/workspace/m2-repository/org/slf4j/slf4j-api/1.7.36/slf4j-api-1.7.36.jar:/workspace/m2-repository/org/jboss/slf4j/slf4j-jboss-logmanager/1.2.0.Final/slf4j-jboss-logmanager-1.2.0.Final.jar:/workspace/m2-repository/org/graalvm/sdk/graal-sdk/22.3.0/graal-sdk-22.3.0.jar:/workspace/m2-repository/org/wildfly/common/wildfly-common/1.5.4.Final-format-001/wildfly-common-1.5.4.Final-format-001.jar:/workspace/m2-repository/io/quarkus/quarkus-bootstrap-runner/2.16.3.Final/quarkus-bootstrap-runner-2.16.3.Final.jar:/workspace/m2-repository/io/github/crac/org-crac/0.1.3/org-crac-0.1.3.jar:/workspace/m2-repository/io/quarkus/quarkus-fs-util/0.0.9/quarkus-fs-util-0.0.9.jar:/workspace/m2-repository/com/thoughtworks/xstream/xstream/1.4.20/xstream-1.4.20.jar:/workspace/m2-repository/io/github/x-stream/mxparser/1.2.2/mxparser-1.2.2.jar:/workspace/m2-repository/xmlpull/xmlpull/1.1.3.1/xmlpull-1.1.3.1.jar:"/>
    <property name="java.vm.vendor" value="Amazon.com Inc."/>
    <property name="sun.arch.data.model" value="64"/>
    <property name="java.vendor.url" value="https://aws.amazon.com/corretto/"/>
    <property name="user.timezone" value="Etc/UTC"/>
    <property name="logging.initial-configurator.min-level" value="500"/>
    <property name="java.vm.specification.version" value="11"/>
    <property name="os.name" value="Linux"/>
    <property name="sun.java.launcher" value="SUN_STANDARD"/>
    <property name="user.country" value="US"/>
    <property name="sun.boot.library.path" value="/home/gitpod/.sdkman/candidates/java/11.0.18-amzn/lib"/>
    <property name="sun.java.command" value="/workspace/descomplicando-chatbots/simple_bot_fn/target/surefire/surefirebooter-20230226133947527_3.jar /workspace/descomplicando-chatbots/simple_bot_fn/target/surefire 2023-02-26T13-39-47_297-jvmRun1 surefire-20230226133947527_1tmp surefire_0-20230226133947527_2tmp"/>
    <property name="maven.home" value="/home/gitpod/.sdkman/candidates/maven/current"/>
    <property name="jdk.debug" value="release"/>
    <property name="surefire.test.class.path" value="/workspace/descomplicando-chatbots/simple_bot_fn/target/test-classes:/workspace/descomplicando-chatbots/simple_bot_fn/target/classes:/workspace/m2-repository/io/quarkus/quarkus-amazon-lambda/2.16.3.Final/quarkus-amazon-lambda-2.16.3.Final.jar:/workspace/m2-repository/io/quarkus/quarkus-amazon-lambda-common/2.16.3.Final/quarkus-amazon-lambda-common-2.16.3.Final.jar:/workspace/m2-repository/com/amazonaws/aws-lambda-java-core/1.2.2/aws-lambda-java-core-1.2.2.jar:/workspace/m2-repository/com/amazonaws/aws-lambda-java-events/3.11.0/aws-lambda-java-events-3.11.0.jar:/workspace/m2-repository/io/quarkus/quarkus-arc/2.16.3.Final/quarkus-arc-2.16.3.Final.jar:/workspace/m2-repository/io/quarkus/arc/arc/2.16.3.Final/arc-2.16.3.Final.jar:/workspace/m2-repository/jakarta/transaction/jakarta.transaction-api/1.3.3/jakarta.transaction-api-1.3.3.jar:/workspace/m2-repository/io/smallrye/reactive/mutiny/1.9.0/mutiny-1.9.0.jar:/workspace/m2-repository/org/reactivestreams/reactive-streams/1.0.3/reactive-streams-1.0.3.jar:/workspace/m2-repository/org/eclipse/microprofile/context-propagation/microprofile-context-propagation-api/1.2/microprofile-context-propagation-api-1.2.jar:/workspace/m2-repository/io/quarkus/quarkus-jackson/2.16.3.Final/quarkus-jackson-2.16.3.Final.jar:/workspace/m2-repository/com/fasterxml/jackson/core/jackson-databind/2.14.2/jackson-databind-2.14.2.jar:/workspace/m2-repository/com/fasterxml/jackson/datatype/jackson-datatype-jsr310/2.14.2/jackson-datatype-jsr310-2.14.2.jar:/workspace/m2-repository/com/fasterxml/jackson/datatype/jackson-datatype-jdk8/2.14.2/jackson-datatype-jdk8-2.14.2.jar:/workspace/m2-repository/com/fasterxml/jackson/module/jackson-module-parameter-names/2.14.2/jackson-module-parameter-names-2.14.2.jar:/workspace/m2-repository/com/fasterxml/jackson/datatype/jackson-datatype-joda/2.14.2/jackson-datatype-joda-2.14.2.jar:/workspace/m2-repository/com/fasterxml/jackson/core/jackson-annotations/2.14.2/jackson-annotations-2.14.2.jar:/workspace/m2-repository/com/fasterxml/jackson/core/jackson-core/2.14.2/jackson-core-2.14.2.jar:/workspace/m2-repository/joda-time/joda-time/2.10.8/joda-time-2.10.8.jar:/workspace/m2-repository/io/rest-assured/rest-assured/4.5.1/rest-assured-4.5.1.jar:/workspace/m2-repository/org/codehaus/groovy/groovy/3.0.9/groovy-3.0.9.jar:/workspace/m2-repository/org/codehaus/groovy/groovy-xml/3.0.9/groovy-xml-3.0.9.jar:/workspace/m2-repository/org/apache/httpcomponents/httpclient/4.5.14/httpclient-4.5.14.jar:/workspace/m2-repository/org/apache/httpcomponents/httpcore/4.4.16/httpcore-4.4.16.jar:/workspace/m2-repository/commons-codec/commons-codec/1.15/commons-codec-1.15.jar:/workspace/m2-repository/org/apache/httpcomponents/httpmime/4.5.14/httpmime-4.5.14.jar:/workspace/m2-repository/org/hamcrest/hamcrest/2.1/hamcrest-2.1.jar:/workspace/m2-repository/org/ccil/cowan/tagsoup/tagsoup/1.2.1/tagsoup-1.2.1.jar:/workspace/m2-repository/io/rest-assured/json-path/4.5.1/json-path-4.5.1.jar:/workspace/m2-repository/org/codehaus/groovy/groovy-json/3.0.9/groovy-json-3.0.9.jar:/workspace/m2-repository/io/rest-assured/rest-assured-common/4.5.1/rest-assured-common-4.5.1.jar:/workspace/m2-repository/io/rest-assured/xml-path/4.5.1/xml-path-4.5.1.jar:/workspace/m2-repository/org/apache/commons/commons-lang3/3.12.0/commons-lang3-3.12.0.jar:/workspace/m2-repository/io/quarkus/quarkus-junit5/2.16.3.Final/quarkus-junit5-2.16.3.Final.jar:/workspace/m2-repository/io/quarkus/quarkus-bootstrap-core/2.16.3.Final/quarkus-bootstrap-core-2.16.3.Final.jar:/workspace/m2-repository/io/quarkus/quarkus-bootstrap-app-model/2.16.3.Final/quarkus-bootstrap-app-model-2.16.3.Final.jar:/workspace/m2-repository/io/smallrye/common/smallrye-common-io/1.13.2/smallrye-common-io-1.13.2.jar:/workspace/m2-repository/org/eclipse/sisu/org.eclipse.sisu.inject/0.3.5/org.eclipse.sisu.inject-0.3.5.jar:/workspace/m2-repository/io/quarkus/quarkus-test-common/2.16.3.Final/quarkus-test-common-2.16.3.Final.jar:/workspace/m2-repository/io/quarkus/quarkus-core-deployment/2.16.3.Final/quarkus-core-deployment-2.16.3.Final.jar:/workspace/m2-repository/org/aesh/readline/2.2/readline-2.2.jar:/workspace/m2-repository/org/fusesource/jansi/jansi/1.18/jansi-1.18.jar:/workspace/m2-repository/org/aesh/aesh/2.7/aesh-2.7.jar:/workspace/m2-repository/io/quarkus/gizmo/gizmo/1.6.0.Final/gizmo-1.6.0.Final.jar:/workspace/m2-repository/org/ow2/asm/asm-util/9.4/asm-util-9.4.jar:/workspace/m2-repository/org/ow2/asm/asm-analysis/9.4/asm-analysis-9.4.jar:/workspace/m2-repository/org/ow2/asm/asm/9.4/asm-9.4.jar:/workspace/m2-repository/org/ow2/asm/asm-commons/9.4/asm-commons-9.4.jar:/workspace/m2-repository/org/ow2/asm/asm-tree/9.4/asm-tree-9.4.jar:/workspace/m2-repository/io/quarkus/quarkus-class-change-agent/2.16.3.Final/quarkus-class-change-agent-2.16.3.Final.jar:/workspace/m2-repository/io/quarkus/quarkus-devtools-utilities/2.16.3.Final/quarkus-devtools-utilities-2.16.3.Final.jar:/workspace/m2-repository/io/quarkus/quarkus-builder/2.16.3.Final/quarkus-builder-2.16.3.Final.jar:/workspace/m2-repository/org/junit/platform/junit-platform-launcher/1.9.2/junit-platform-launcher-1.9.2.jar:/workspace/m2-repository/io/quarkus/quarkus-bootstrap-maven-resolver/2.16.3.Final/quarkus-bootstrap-maven-resolver-2.16.3.Final.jar:/workspace/m2-repository/org/apache/maven/maven-embedder/3.8.6/maven-embedder-3.8.6.jar:/workspace/m2-repository/org/apache/maven/maven-settings/3.8.6/maven-settings-3.8.6.jar:/workspace/m2-repository/org/apache/maven/maven-core/3.8.6/maven-core-3.8.6.jar:/workspace/m2-repository/org/apache/maven/maven-artifact/3.8.6/maven-artifact-3.8.6.jar:/workspace/m2-repository/org/codehaus/plexus/plexus-component-annotations/2.1.0/plexus-component-annotations-2.1.0.jar:/workspace/m2-repository/org/apache/maven/maven-plugin-api/3.8.6/maven-plugin-api-3.8.6.jar:/workspace/m2-repository/org/apache/maven/maven-model/3.8.6/maven-model-3.8.6.jar:/workspace/m2-repository/org/apache/maven/maven-model-builder/3.8.6/maven-model-builder-3.8.6.jar:/workspace/m2-repository/org/apache/maven/maven-builder-support/3.8.6/maven-builder-support-3.8.6.jar:/workspace/m2-repository/org/apache/maven/resolver/maven-resolver-api/1.6.3/maven-resolver-api-1.6.3.jar:/workspace/m2-repository/org/apache/maven/resolver/maven-resolver-util/1.6.3/maven-resolver-util-1.6.3.jar:/workspace/m2-repository/org/apache/maven/shared/maven-shared-utils/3.3.4/maven-shared-utils-3.3.4.jar:/workspace/m2-repository/commons-io/commons-io/2.11.0/commons-io-2.11.0.jar:/workspace/m2-repository/com/google/inject/guice/4.2.2/guice-4.2.2-no_aop.jar:/workspace/m2-repository/com/google/guava/guava/31.1-jre/guava-31.1-jre.jar:/workspace/m2-repository/com/google/guava/failureaccess/1.0.1/failureaccess-1.0.1.jar:/workspace/m2-repository/org/codehaus/plexus/plexus-classworlds/2.6.0/plexus-classworlds-2.6.0.jar:/workspace/m2-repository/org/codehaus/plexus/plexus-sec-dispatcher/2.0/plexus-sec-dispatcher-2.0.jar:/workspace/m2-repository/org/codehaus/plexus/plexus-cipher/2.0/plexus-cipher-2.0.jar:/workspace/m2-repository/commons-cli/commons-cli/1.4/commons-cli-1.4.jar:/workspace/m2-repository/org/eclipse/sisu/org.eclipse.sisu.plexus/0.3.5/org.eclipse.sisu.plexus-0.3.5.jar:/workspace/m2-repository/org/apache/maven/maven-settings-builder/3.8.6/maven-settings-builder-3.8.6.jar:/workspace/m2-repository/org/codehaus/plexus/plexus-interpolation/1.26/plexus-interpolation-1.26.jar:/workspace/m2-repository/org/apache/maven/maven-resolver-provider/3.8.6/maven-resolver-provider-3.8.6.jar:/workspace/m2-repository/org/apache/maven/maven-repository-metadata/3.8.6/maven-repository-metadata-3.8.6.jar:/workspace/m2-repository/org/apache/maven/resolver/maven-resolver-spi/1.6.3/maven-resolver-spi-1.6.3.jar:/workspace/m2-repository/org/apache/maven/resolver/maven-resolver-impl/1.6.3/maven-resolver-impl-1.6.3.jar:/workspace/m2-repository/org/codehaus/plexus/plexus-utils/3.3.0/plexus-utils-3.3.0.jar:/workspace/m2-repository/org/apache/maven/resolver/maven-resolver-connector-basic/1.6.3/maven-resolver-connector-basic-1.6.3.jar:/workspace/m2-repository/org/apache/maven/resolver/maven-resolver-transport-wagon/1.6.3/maven-resolver-transport-wagon-1.6.3.jar:/workspace/m2-repository/org/apache/maven/wagon/wagon-http/3.5.1/wagon-http-3.5.1.jar:/workspace/m2-repository/org/apache/maven/wagon/wagon-http-shared/3.5.1/wagon-http-shared-3.5.1.jar:/workspace/m2-repository/org/apache/maven/wagon/wagon-provider-api/3.5.1/wagon-provider-api-3.5.1.jar:/workspace/m2-repository/org/apache/maven/wagon/wagon-file/3.5.1/wagon-file-3.5.1.jar:/workspace/m2-repository/io/quarkus/quarkus-bootstrap-gradle-resolver/2.16.3.Final/quarkus-bootstrap-gradle-resolver-2.16.3.Final.jar:/workspace/m2-repository/io/smallrye/jandex/3.0.5/jandex-3.0.5.jar:/workspace/m2-repository/org/jboss/logging/commons-logging-jboss-logging/1.0.0.Final/commons-logging-jboss-logging-1.0.0.Final.jar:/workspace/m2-repository/io/quarkus/quarkus-junit5-properties/2.16.3.Final/quarkus-junit5-properties-2.16.3.Final.jar:/workspace/m2-repository/org/junit/jupiter/junit-jupiter/5.9.2/junit-jupiter-5.9.2.jar:/workspace/m2-repository/org/junit/jupiter/junit-jupiter-api/5.9.2/junit-jupiter-api-5.9.2.jar:/workspace/m2-repository/org/opentest4j/opentest4j/1.2.0/opentest4j-1.2.0.jar:/workspace/m2-repository/org/junit/platform/junit-platform-commons/1.9.2/junit-platform-commons-1.9.2.jar:/workspace/m2-repository/org/apiguardian/apiguardian-api/1.1.2/apiguardian-api-1.1.2.jar:/workspace/m2-repository/org/junit/jupiter/junit-jupiter-params/5.9.2/junit-jupiter-params-5.9.2.jar:/workspace/m2-repository/org/junit/jupiter/junit-jupiter-engine/5.9.2/junit-jupiter-engine-5.9.2.jar:/workspace/m2-repository/org/junit/platform/junit-platform-engine/1.9.2/junit-platform-engine-1.9.2.jar:/workspace/m2-repository/io/quarkus/quarkus-core/2.16.3.Final/quarkus-core-2.16.3.Final.jar:/workspace/m2-repository/jakarta/annotation/jakarta.annotation-api/1.3.5/jakarta.annotation-api-1.3.5.jar:/workspace/m2-repository/jakarta/enterprise/jakarta.enterprise.cdi-api/2.0.2/jakarta.enterprise.cdi-api-2.0.2.jar:/workspace/m2-repository/jakarta/el/jakarta.el-api/3.0.3/jakarta.el-api-3.0.3.jar:/workspace/m2-repository/jakarta/interceptor/jakarta.interceptor-api/1.2.5/jakarta.interceptor-api-1.2.5.jar:/workspace/m2-repository/jakarta/inject/jakarta.inject-api/1.0/jakarta.inject-api-1.0.jar:/workspace/m2-repository/io/quarkus/quarkus-ide-launcher/2.16.3.Final/quarkus-ide-launcher-2.16.3.Final.jar:/workspace/m2-repository/io/quarkus/quarkus-development-mode-spi/2.16.3.Final/quarkus-development-mode-spi-2.16.3.Final.jar:/workspace/m2-repository/io/smallrye/config/smallrye-config/2.13.2/smallrye-config-2.13.2.jar:/workspace/m2-repository/io/smallrye/config/smallrye-config-core/2.13.2/smallrye-config-core-2.13.2.jar:/workspace/m2-repository/org/eclipse/microprofile/config/microprofile-config-api/2.0.1/microprofile-config-api-2.0.1.jar:/workspace/m2-repository/io/smallrye/common/smallrye-common-annotation/1.13.2/smallrye-common-annotation-1.13.2.jar:/workspace/m2-repository/io/smallrye/common/smallrye-common-expression/1.13.2/smallrye-common-expression-1.13.2.jar:/workspace/m2-repository/io/smallrye/common/smallrye-common-function/1.13.2/smallrye-common-function-1.13.2.jar:/workspace/m2-repository/io/smallrye/common/smallrye-common-constraint/1.13.2/smallrye-common-constraint-1.13.2.jar:/workspace/m2-repository/io/smallrye/common/smallrye-common-classloader/1.13.2/smallrye-common-classloader-1.13.2.jar:/workspace/m2-repository/io/smallrye/config/smallrye-config-common/2.13.2/smallrye-config-common-2.13.2.jar:/workspace/m2-repository/org/jboss/logging/jboss-logging/3.5.0.Final/jboss-logging-3.5.0.Final.jar:/workspace/m2-repository/org/jboss/logmanager/jboss-logmanager-embedded/1.0.11/jboss-logmanager-embedded-1.0.11.jar:/workspace/m2-repository/org/jboss/logging/jboss-logging-annotations/2.2.1.Final/jboss-logging-annotations-2.2.1.Final.jar:/workspace/m2-repository/org/jboss/threads/jboss-threads/3.4.3.Final/jboss-threads-3.4.3.Final.jar:/workspace/m2-repository/org/slf4j/slf4j-api/1.7.36/slf4j-api-1.7.36.jar:/workspace/m2-repository/org/jboss/slf4j/slf4j-jboss-logmanager/1.2.0.Final/slf4j-jboss-logmanager-1.2.0.Final.jar:/workspace/m2-repository/org/graalvm/sdk/graal-sdk/22.3.0/graal-sdk-22.3.0.jar:/workspace/m2-repository/org/wildfly/common/wildfly-common/1.5.4.Final-format-001/wildfly-common-1.5.4.Final-format-001.jar:/workspace/m2-repository/io/quarkus/quarkus-bootstrap-runner/2.16.3.Final/quarkus-bootstrap-runner-2.16.3.Final.jar:/workspace/m2-repository/io/github/crac/org-crac/0.1.3/org-crac-0.1.3.jar:/workspace/m2-repository/io/quarkus/quarkus-fs-util/0.0.9/quarkus-fs-util-0.0.9.jar:/workspace/m2-repository/com/thoughtworks/xstream/xstream/1.4.20/xstream-1.4.20.jar:/workspace/m2-repository/io/github/x-stream/mxparser/1.2.2/mxparser-1.2.2.jar:/workspace/m2-repository/xmlpull/xmlpull/1.1.3.1/xmlpull-1.1.3.1.jar:"/>
    <property name="sun.cpu.endian" value="little"/>
    <property name="user.home" value="/home/gitpod"/>
    <property name="user.language" value="en"/>
    <property name="jboss.log-version" value="false"/>
    <property name="java.specification.vendor" value="Oracle Corporation"/>
    <property name="java.version.date" value="2023-01-17"/>
    <property name="java.home" value="/home/gitpod/.sdkman/candidates/java/11.0.18-amzn"/>
    <property name="file.separator" value="/"/>
    <property name="basedir" value="/workspace/descomplicando-chatbots/simple_bot_fn"/>
    <property name="java.vm.compressedOopsMode" value="Zero based"/>
    <property name="line.separator" value="&#10;"/>
    <property name="java.specification.name" value="Java Platform API Specification"/>
    <property name="java.vm.specification.vendor" value="Oracle Corporation"/>
    <property name="java.awt.graphicsenv" value="sun.awt.X11GraphicsEnvironment"/>
    <property name="surefire.real.class.path" value="/workspace/descomplicando-chatbots/simple_bot_fn/target/surefire/surefirebooter-20230226133947527_3.jar"/>
    <property name="sun.management.compiler" value="HotSpot 64-Bit Tiered Compilers"/>
    <property name="java.runtime.version" value="11.0.18+10-LTS"/>
    <property name="user.name" value="gitpod"/>
    <property name="path.separator" value=":"/>
    <property name="os.version" value="5.15.0-47-generic"/>
    <property name="java.runtime.name" value="OpenJDK Runtime Environment"/>
    <property name="file.encoding" value="UTF-8"/>
    <property name="java.vm.name" value="OpenJDK 64-Bit Server VM"/>
    <property name="java.vendor.version" value="Corretto-11.0.18.10.1"/>
    <property name="localRepository" value="/workspace/m2-repository"/>
    <property name="java.vendor.url.bug" value="https://github.com/corretto/corretto-11/issues/"/>
    <property name="java.io.tmpdir" value="/tmp"/>
    <property name="quarkus.log.file.path" value="target/quarkus.log"/>
    <property name="java.version" value="11.0.18"/>
    <property name="java.util.concurrent.ForkJoinPool.common.threadFactory" value="io.quarkus.bootstrap.forkjoin.QuarkusForkJoinWorkerThreadFactory"/>
    <property name="user.dir" value="/workspace/descomplicando-chatbots/simple_bot_fn"/>
    <property name="os.arch" value="amd64"/>
    <property name="java.vm.specification.name" value="Java Virtual Machine Specification"/>
    <property name="java.awt.printerjob" value="sun.print.PSPrinterJob"/>
    <property name="sun.os.patch.level" value="unknown"/>
    <property name="com.amazonaws.xray.traceHeader" value="3550b0ef-1ca7-4095-bd44-5224ff3703b8"/>
    <property name="java.util.logging.manager" value="org.jboss.logmanager.LogManager"/>
    <property name="java.library.path" value="/usr/java/packages/lib:/usr/lib64:/lib64:/lib:/usr/lib"/>
    <property name="java.vm.info" value="mixed mode"/>
    <property name="java.vendor" value="Amazon.com Inc."/>
    <property name="java.vm.version" value="11.0.18+10-LTS"/>
    <property name="sun.io.unicode.encoding" value="UnicodeLittle"/>
    <property name="java.class.version" value="55.0"/>
  </properties>
  <testcase name="testSimpleLambdaSuccess" classname="linuxtips.LambdaHandlerTest" time="1.346">
    <system-out><![CDATA[2023-02-26 13:39:51,197 INFO  [io.qua.ama.lam.run.MockEventServer] (build-30) Mock Lambda Event Server Started
2023-02-26 13:39:51,986 INFO  [io.qua.ama.lam.run.AbstractLambdaPollLoop] (Lambda Thread (TEST)) Listening on: http://localhost:8081/_lambda_/2018-06-01/runtime/invocation/next
2023-02-26 13:39:52,004 INFO  [io.quarkus] (main) simple_bot_fn 1.0-SNAPSHOT on JVM (powered by Quarkus 2.16.3.Final) started in 1.978s. 
2023-02-26 13:39:52,004 INFO  [io.quarkus] (main) Profile test activated. 
2023-02-26 13:39:52,004 INFO  [io.quarkus] (main) Installed features: [amazon-lambda, cdi]
]]></system-out>
  </testcase>
</testsuite>